2018-02-28 19:00:02.069 [main] ERROR [org.springframework.boot.SpringApplication:771] maincid - Application startup failed
java.lang.NoSuchMethodError: com.fasterxml.classmate.TypeBindings.withAdditionalBinding(Ljava/lang/String;Lcom/fasterxml/classmate/ResolvedType;)Lcom/fasterxml/classmate/TypeBindings;
	at springfox.documentation.schema.WildcardType.adjustedTypeBindings(WildcardType.java:137) ~[springfox-core-2.2.2.jar:2.2.2]
	at springfox.documentation.schema.WildcardType.breadthFirstSearch(WildcardType.java:117) ~[springfox-core-2.2.2.jar:2.2.2]
	at springfox.documentation.schema.WildcardType.collectReplaceables(WildcardType.java:74) ~[springfox-core-2.2.2.jar:2.2.2]
	at springfox.documentation.schema.AlternateTypeRule.alternateFor(AlternateTypeRule.java:50) ~[springfox-core-2.2.2.jar:2.2.2]
	at springfox.documentation.spi.schema.AlternateTypeProvider.alternateFor(AlternateTypeProvider.java:44) ~[springfox-spi-2.2.2.jar:2.2.2]
	at springfox.documentation.spi.service.contexts.RequestMappingContext.alternateFor(RequestMappingContext.java:118) ~[springfox-spi-2.2.2.jar:2.2.2]
	at springfox.documentation.spring.web.readers.operation.OperationModelsProvider.collectFromReturnType(OperationModelsProvider.java:70) ~[springfox-spring-web-2.2.2.jar:2.2.2]
	at springfox.documentation.spring.web.readers.operation.OperationModelsProvider.apply(OperationModelsProvider.java:59) ~[springfox-spring-web-2.2.2.jar:2.2.2]
	at springfox.documentation.spring.web.plugins.DocumentationPluginsManager.modelContexts(DocumentationPluginsManager.java:129) ~[springfox-spring-web-2.2.2.jar:2.2.2]
	at springfox.documentation.spring.web.scanners.ApiModelReader.read(ApiModelReader.java:62) ~[springfox-spring-web-2.2.2.jar:2.2.2]
	at springfox.documentation.spring.web.scanners.ApiListingScanner.scan(ApiListingScanner.java:91) ~[springfox-spring-web-2.2.2.jar:2.2.2]
	at springfox.documentation.spring.web.scanners.ApiDocumentationScanner.scan(ApiDocumentationScanner.java:62) ~[springfox-spring-web-2.2.2.jar:2.2.2]
	at springfox.documentation.spring.web.plugins.DocumentationPluginsBootstrapper.scanDocumentation(DocumentationPluginsBootstrapper.java:101) ~[springfox-spring-web-2.2.2.jar:2.2.2]
	at springfox.documentation.spring.web.plugins.DocumentationPluginsBootstrapper.onApplicationEvent(DocumentationPluginsBootstrapper.java:87) ~[springfox-spring-web-2.2.2.jar:2.2.2]
	at springfox.documentation.spring.web.plugins.DocumentationPluginsBootstrapper.onApplicationEvent(DocumentationPluginsBootstrapper.java:50) ~[springfox-spring-web-2.2.2.jar:2.2.2]
	at org.springframework.context.event.SimpleApplicationEventMulticaster.doInvokeListener(SimpleApplicationEventMulticaster.java:172) ~[spring-context-4.3.13.RELEASE.jar:4.3.13.RELEASE]
	at org.springframework.context.event.SimpleApplicationEventMulticaster.invokeListener(SimpleApplicationEventMulticaster.java:165) ~[spring-context-4.3.13.RELEASE.jar:4.3.13.RELEASE]
	at org.springframework.context.event.SimpleApplicationEventMulticaster.multicastEvent(SimpleApplicationEventMulticaster.java:139) ~[spring-context-4.3.13.RELEASE.jar:4.3.13.RELEASE]
	at org.springframework.context.support.AbstractApplicationContext.publishEvent(AbstractApplicationContext.java:393) ~[spring-context-4.3.13.RELEASE.jar:4.3.13.RELEASE]
	at org.springframework.context.support.AbstractApplicationContext.publishEvent(AbstractApplicationContext.java:347) ~[spring-context-4.3.13.RELEASE.jar:4.3.13.RELEASE]
	at org.springframework.context.support.AbstractApplicationContext.finishRefresh(AbstractApplicationContext.java:883) ~[spring-context-4.3.13.RELEASE.jar:4.3.13.RELEASE]
	at org.springframework.boot.context.embedded.EmbeddedWebApplicationContext.finishRefresh(EmbeddedWebApplicationContext.java:144) ~[spring-boot-1.5.9.RELEASE.jar:1.5.9.RELEASE]
	at org.springframework.context.support.AbstractApplicationContext.refresh(AbstractApplicationContext.java:546) ~[spring-context-4.3.13.RELEASE.jar:4.3.13.RELEASE]
	at org.springframework.boot.context.embedded.EmbeddedWebApplicationContext.refresh(EmbeddedWebApplicationContext.java:122) ~[spring-boot-1.5.9.RELEASE.jar:1.5.9.RELEASE]
	at org.springframework.boot.SpringApplication.refresh(SpringApplication.java:693) ~[spring-boot-1.5.9.RELEASE.jar:1.5.9.RELEASE]
	at org.springframework.boot.SpringApplication.refreshContext(SpringApplication.java:360) ~[spring-boot-1.5.9.RELEASE.jar:1.5.9.RELEASE]
	at org.springframework.boot.SpringApplication.run(SpringApplication.java:303) ~[spring-boot-1.5.9.RELEASE.jar:1.5.9.RELEASE]
	at org.springframework.boot.SpringApplication.run(SpringApplication.java:1118) ~[spring-boot-1.5.9.RELEASE.jar:1.5.9.RELEASE]
	at org.springframework.boot.SpringApplication.run(SpringApplication.java:1107) ~[spring-boot-1.5.9.RELEASE.jar:1.5.9.RELEASE]
	at com.skilly.house.hsrv.HouseSrvApplication.main(HouseSrvApplication.java:15) ~[classes/:?]
2018-02-28 19:05:48.214 [main] ERROR [org.springframework.boot.SpringApplication:771] maincid - Application startup failed
java.lang.NoSuchMethodError: com.fasterxml.classmate.TypeBindings.withAdditionalBinding(Ljava/lang/String;Lcom/fasterxml/classmate/ResolvedType;)Lcom/fasterxml/classmate/TypeBindings;
	at springfox.documentation.schema.WildcardType.adjustedTypeBindings(WildcardType.java:137) ~[springfox-core-2.2.2.jar:2.2.2]
	at springfox.documentation.schema.WildcardType.breadthFirstSearch(WildcardType.java:117) ~[springfox-core-2.2.2.jar:2.2.2]
	at springfox.documentation.schema.WildcardType.collectReplaceables(WildcardType.java:74) ~[springfox-core-2.2.2.jar:2.2.2]
	at springfox.documentation.schema.AlternateTypeRule.alternateFor(AlternateTypeRule.java:50) ~[springfox-core-2.2.2.jar:2.2.2]
	at springfox.documentation.spi.schema.AlternateTypeProvider.alternateFor(AlternateTypeProvider.java:44) ~[springfox-spi-2.2.2.jar:2.2.2]
	at springfox.documentation.spi.service.contexts.RequestMappingContext.alternateFor(RequestMappingContext.java:118) ~[springfox-spi-2.2.2.jar:2.2.2]
	at springfox.documentation.spring.web.readers.operation.OperationModelsProvider.collectFromReturnType(OperationModelsProvider.java:70) ~[springfox-spring-web-2.2.2.jar:2.2.2]
	at springfox.documentation.spring.web.readers.operation.OperationModelsProvider.apply(OperationModelsProvider.java:59) ~[springfox-spring-web-2.2.2.jar:2.2.2]
	at springfox.documentation.spring.web.plugins.DocumentationPluginsManager.modelContexts(DocumentationPluginsManager.java:129) ~[springfox-spring-web-2.2.2.jar:2.2.2]
	at springfox.documentation.spring.web.scanners.ApiModelReader.read(ApiModelReader.java:62) ~[springfox-spring-web-2.2.2.jar:2.2.2]
	at springfox.documentation.spring.web.scanners.ApiListingScanner.scan(ApiListingScanner.java:91) ~[springfox-spring-web-2.2.2.jar:2.2.2]
	at springfox.documentation.spring.web.scanners.ApiDocumentationScanner.scan(ApiDocumentationScanner.java:62) ~[springfox-spring-web-2.2.2.jar:2.2.2]
	at springfox.documentation.spring.web.plugins.DocumentationPluginsBootstrapper.scanDocumentation(DocumentationPluginsBootstrapper.java:101) ~[springfox-spring-web-2.2.2.jar:2.2.2]
	at springfox.documentation.spring.web.plugins.DocumentationPluginsBootstrapper.onApplicationEvent(DocumentationPluginsBootstrapper.java:87) ~[springfox-spring-web-2.2.2.jar:2.2.2]
	at springfox.documentation.spring.web.plugins.DocumentationPluginsBootstrapper.onApplicationEvent(DocumentationPluginsBootstrapper.java:50) ~[springfox-spring-web-2.2.2.jar:2.2.2]
	at org.springframework.context.event.SimpleApplicationEventMulticaster.doInvokeListener(SimpleApplicationEventMulticaster.java:172) ~[spring-context-4.3.13.RELEASE.jar:4.3.13.RELEASE]
	at org.springframework.context.event.SimpleApplicationEventMulticaster.invokeListener(SimpleApplicationEventMulticaster.java:165) ~[spring-context-4.3.13.RELEASE.jar:4.3.13.RELEASE]
	at org.springframework.context.event.SimpleApplicationEventMulticaster.multicastEvent(SimpleApplicationEventMulticaster.java:139) ~[spring-context-4.3.13.RELEASE.jar:4.3.13.RELEASE]
	at org.springframework.context.support.AbstractApplicationContext.publishEvent(AbstractApplicationContext.java:393) ~[spring-context-4.3.13.RELEASE.jar:4.3.13.RELEASE]
	at org.springframework.context.support.AbstractApplicationContext.publishEvent(AbstractApplicationContext.java:347) ~[spring-context-4.3.13.RELEASE.jar:4.3.13.RELEASE]
	at org.springframework.context.support.AbstractApplicationContext.finishRefresh(AbstractApplicationContext.java:883) ~[spring-context-4.3.13.RELEASE.jar:4.3.13.RELEASE]
	at org.springframework.boot.context.embedded.EmbeddedWebApplicationContext.finishRefresh(EmbeddedWebApplicationContext.java:144) ~[spring-boot-1.5.9.RELEASE.jar:1.5.9.RELEASE]
	at org.springframework.context.support.AbstractApplicationContext.refresh(AbstractApplicationContext.java:546) ~[spring-context-4.3.13.RELEASE.jar:4.3.13.RELEASE]
	at org.springframework.boot.context.embedded.EmbeddedWebApplicationContext.refresh(EmbeddedWebApplicationContext.java:122) ~[spring-boot-1.5.9.RELEASE.jar:1.5.9.RELEASE]
	at org.springframework.boot.SpringApplication.refresh(SpringApplication.java:693) ~[spring-boot-1.5.9.RELEASE.jar:1.5.9.RELEASE]
	at org.springframework.boot.SpringApplication.refreshContext(SpringApplication.java:360) ~[spring-boot-1.5.9.RELEASE.jar:1.5.9.RELEASE]
	at org.springframework.boot.SpringApplication.run(SpringApplication.java:303) ~[spring-boot-1.5.9.RELEASE.jar:1.5.9.RELEASE]
	at org.springframework.boot.SpringApplication.run(SpringApplication.java:1118) ~[spring-boot-1.5.9.RELEASE.jar:1.5.9.RELEASE]
	at org.springframework.boot.SpringApplication.run(SpringApplication.java:1107) ~[spring-boot-1.5.9.RELEASE.jar:1.5.9.RELEASE]
	at com.skilly.house.hsrv.HouseSrvApplication.main(HouseSrvApplication.java:15) ~[classes/:?]
2018-02-28 19:08:16.848 [main] ERROR [org.springframework.boot.SpringApplication:771] maincid - Application startup failed
java.lang.NoSuchMethodError: com.fasterxml.classmate.TypeBindings.withAdditionalBinding(Ljava/lang/String;Lcom/fasterxml/classmate/ResolvedType;)Lcom/fasterxml/classmate/TypeBindings;
	at springfox.documentation.schema.WildcardType.adjustedTypeBindings(WildcardType.java:137) ~[springfox-core-2.2.2.jar:2.2.2]
	at springfox.documentation.schema.WildcardType.breadthFirstSearch(WildcardType.java:117) ~[springfox-core-2.2.2.jar:2.2.2]
	at springfox.documentation.schema.WildcardType.collectReplaceables(WildcardType.java:74) ~[springfox-core-2.2.2.jar:2.2.2]
	at springfox.documentation.schema.AlternateTypeRule.alternateFor(AlternateTypeRule.java:50) ~[springfox-core-2.2.2.jar:2.2.2]
	at springfox.documentation.spi.schema.AlternateTypeProvider.alternateFor(AlternateTypeProvider.java:44) ~[springfox-spi-2.2.2.jar:2.2.2]
	at springfox.documentation.spi.service.contexts.RequestMappingContext.alternateFor(RequestMappingContext.java:118) ~[springfox-spi-2.2.2.jar:2.2.2]
	at springfox.documentation.spring.web.readers.operation.OperationModelsProvider.collectFromReturnType(OperationModelsProvider.java:70) ~[springfox-spring-web-2.2.2.jar:2.2.2]
	at springfox.documentation.spring.web.readers.operation.OperationModelsProvider.apply(OperationModelsProvider.java:59) ~[springfox-spring-web-2.2.2.jar:2.2.2]
	at springfox.documentation.spring.web.plugins.DocumentationPluginsManager.modelContexts(DocumentationPluginsManager.java:129) ~[springfox-spring-web-2.2.2.jar:2.2.2]
	at springfox.documentation.spring.web.scanners.ApiModelReader.read(ApiModelReader.java:62) ~[springfox-spring-web-2.2.2.jar:2.2.2]
	at springfox.documentation.spring.web.scanners.ApiListingScanner.scan(ApiListingScanner.java:91) ~[springfox-spring-web-2.2.2.jar:2.2.2]
	at springfox.documentation.spring.web.scanners.ApiDocumentationScanner.scan(ApiDocumentationScanner.java:62) ~[springfox-spring-web-2.2.2.jar:2.2.2]
	at springfox.documentation.spring.web.plugins.DocumentationPluginsBootstrapper.scanDocumentation(DocumentationPluginsBootstrapper.java:101) ~[springfox-spring-web-2.2.2.jar:2.2.2]
	at springfox.documentation.spring.web.plugins.DocumentationPluginsBootstrapper.onApplicationEvent(DocumentationPluginsBootstrapper.java:87) ~[springfox-spring-web-2.2.2.jar:2.2.2]
	at springfox.documentation.spring.web.plugins.DocumentationPluginsBootstrapper.onApplicationEvent(DocumentationPluginsBootstrapper.java:50) ~[springfox-spring-web-2.2.2.jar:2.2.2]
	at org.springframework.context.event.SimpleApplicationEventMulticaster.doInvokeListener(SimpleApplicationEventMulticaster.java:172) ~[spring-context-4.3.13.RELEASE.jar:4.3.13.RELEASE]
	at org.springframework.context.event.SimpleApplicationEventMulticaster.invokeListener(SimpleApplicationEventMulticaster.java:165) ~[spring-context-4.3.13.RELEASE.jar:4.3.13.RELEASE]
	at org.springframework.context.event.SimpleApplicationEventMulticaster.multicastEvent(SimpleApplicationEventMulticaster.java:139) ~[spring-context-4.3.13.RELEASE.jar:4.3.13.RELEASE]
	at org.springframework.context.support.AbstractApplicationContext.publishEvent(AbstractApplicationContext.java:393) ~[spring-context-4.3.13.RELEASE.jar:4.3.13.RELEASE]
	at org.springframework.context.support.AbstractApplicationContext.publishEvent(AbstractApplicationContext.java:347) ~[spring-context-4.3.13.RELEASE.jar:4.3.13.RELEASE]
	at org.springframework.context.support.AbstractApplicationContext.finishRefresh(AbstractApplicationContext.java:883) ~[spring-context-4.3.13.RELEASE.jar:4.3.13.RELEASE]
	at org.springframework.boot.context.embedded.EmbeddedWebApplicationContext.finishRefresh(EmbeddedWebApplicationContext.java:144) ~[spring-boot-1.5.9.RELEASE.jar:1.5.9.RELEASE]
	at org.springframework.context.support.AbstractApplicationContext.refresh(AbstractApplicationContext.java:546) ~[spring-context-4.3.13.RELEASE.jar:4.3.13.RELEASE]
	at org.springframework.boot.context.embedded.EmbeddedWebApplicationContext.refresh(EmbeddedWebApplicationContext.java:122) ~[spring-boot-1.5.9.RELEASE.jar:1.5.9.RELEASE]
	at org.springframework.boot.SpringApplication.refresh(SpringApplication.java:693) ~[spring-boot-1.5.9.RELEASE.jar:1.5.9.RELEASE]
	at org.springframework.boot.SpringApplication.refreshContext(SpringApplication.java:360) ~[spring-boot-1.5.9.RELEASE.jar:1.5.9.RELEASE]
	at org.springframework.boot.SpringApplication.run(SpringApplication.java:303) ~[spring-boot-1.5.9.RELEASE.jar:1.5.9.RELEASE]
	at org.springframework.boot.SpringApplication.run(SpringApplication.java:1118) ~[spring-boot-1.5.9.RELEASE.jar:1.5.9.RELEASE]
	at org.springframework.boot.SpringApplication.run(SpringApplication.java:1107) ~[spring-boot-1.5.9.RELEASE.jar:1.5.9.RELEASE]
	at com.skilly.house.hsrv.HouseSrvApplication.main(HouseSrvApplication.java:15) ~[classes/:?]
2018-02-28 19:11:21.034 [main] ERROR [org.springframework.boot.SpringApplication:771] maincid - Application startup failed
java.lang.NoSuchMethodError: com.fasterxml.classmate.TypeBindings.withAdditionalBinding(Ljava/lang/String;Lcom/fasterxml/classmate/ResolvedType;)Lcom/fasterxml/classmate/TypeBindings;
	at springfox.documentation.schema.WildcardType.adjustedTypeBindings(WildcardType.java:137) ~[springfox-core-2.2.2.jar:2.2.2]
	at springfox.documentation.schema.WildcardType.breadthFirstSearch(WildcardType.java:117) ~[springfox-core-2.2.2.jar:2.2.2]
	at springfox.documentation.schema.WildcardType.collectReplaceables(WildcardType.java:74) ~[springfox-core-2.2.2.jar:2.2.2]
	at springfox.documentation.schema.AlternateTypeRule.alternateFor(AlternateTypeRule.java:50) ~[springfox-core-2.2.2.jar:2.2.2]
	at springfox.documentation.spi.schema.AlternateTypeProvider.alternateFor(AlternateTypeProvider.java:44) ~[springfox-spi-2.2.2.jar:2.2.2]
	at springfox.documentation.spi.service.contexts.RequestMappingContext.alternateFor(RequestMappingContext.java:118) ~[springfox-spi-2.2.2.jar:2.2.2]
	at springfox.documentation.spring.web.readers.operation.OperationModelsProvider.collectFromReturnType(OperationModelsProvider.java:70) ~[springfox-spring-web-2.2.2.jar:2.2.2]
	at springfox.documentation.spring.web.readers.operation.OperationModelsProvider.apply(OperationModelsProvider.java:59) ~[springfox-spring-web-2.2.2.jar:2.2.2]
	at springfox.documentation.spring.web.plugins.DocumentationPluginsManager.modelContexts(DocumentationPluginsManager.java:129) ~[springfox-spring-web-2.2.2.jar:2.2.2]
	at springfox.documentation.spring.web.scanners.ApiModelReader.read(ApiModelReader.java:62) ~[springfox-spring-web-2.2.2.jar:2.2.2]
	at springfox.documentation.spring.web.scanners.ApiListingScanner.scan(ApiListingScanner.java:91) ~[springfox-spring-web-2.2.2.jar:2.2.2]
	at springfox.documentation.spring.web.scanners.ApiDocumentationScanner.scan(ApiDocumentationScanner.java:62) ~[springfox-spring-web-2.2.2.jar:2.2.2]
	at springfox.documentation.spring.web.plugins.DocumentationPluginsBootstrapper.scanDocumentation(DocumentationPluginsBootstrapper.java:101) ~[springfox-spring-web-2.2.2.jar:2.2.2]
	at springfox.documentation.spring.web.plugins.DocumentationPluginsBootstrapper.onApplicationEvent(DocumentationPluginsBootstrapper.java:87) ~[springfox-spring-web-2.2.2.jar:2.2.2]
	at springfox.documentation.spring.web.plugins.DocumentationPluginsBootstrapper.onApplicationEvent(DocumentationPluginsBootstrapper.java:50) ~[springfox-spring-web-2.2.2.jar:2.2.2]
	at org.springframework.context.event.SimpleApplicationEventMulticaster.doInvokeListener(SimpleApplicationEventMulticaster.java:172) ~[spring-context-4.3.13.RELEASE.jar:4.3.13.RELEASE]
	at org.springframework.context.event.SimpleApplicationEventMulticaster.invokeListener(SimpleApplicationEventMulticaster.java:165) ~[spring-context-4.3.13.RELEASE.jar:4.3.13.RELEASE]
	at org.springframework.context.event.SimpleApplicationEventMulticaster.multicastEvent(SimpleApplicationEventMulticaster.java:139) ~[spring-context-4.3.13.RELEASE.jar:4.3.13.RELEASE]
	at org.springframework.context.support.AbstractApplicationContext.publishEvent(AbstractApplicationContext.java:393) ~[spring-context-4.3.13.RELEASE.jar:4.3.13.RELEASE]
	at org.springframework.context.support.AbstractApplicationContext.publishEvent(AbstractApplicationContext.java:347) ~[spring-context-4.3.13.RELEASE.jar:4.3.13.RELEASE]
	at org.springframework.context.support.AbstractApplicationContext.finishRefresh(AbstractApplicationContext.java:883) ~[spring-context-4.3.13.RELEASE.jar:4.3.13.RELEASE]
	at org.springframework.boot.context.embedded.EmbeddedWebApplicationContext.finishRefresh(EmbeddedWebApplicationContext.java:144) ~[spring-boot-1.5.9.RELEASE.jar:1.5.9.RELEASE]
	at org.springframework.context.support.AbstractApplicationContext.refresh(AbstractApplicationContext.java:546) ~[spring-context-4.3.13.RELEASE.jar:4.3.13.RELEASE]
	at org.springframework.boot.context.embedded.EmbeddedWebApplicationContext.refresh(EmbeddedWebApplicationContext.java:122) ~[spring-boot-1.5.9.RELEASE.jar:1.5.9.RELEASE]
	at org.springframework.boot.SpringApplication.refresh(SpringApplication.java:693) ~[spring-boot-1.5.9.RELEASE.jar:1.5.9.RELEASE]
	at org.springframework.boot.SpringApplication.refreshContext(SpringApplication.java:360) ~[spring-boot-1.5.9.RELEASE.jar:1.5.9.RELEASE]
	at org.springframework.boot.SpringApplication.run(SpringApplication.java:303) ~[spring-boot-1.5.9.RELEASE.jar:1.5.9.RELEASE]
	at org.springframework.boot.SpringApplication.run(SpringApplication.java:1118) ~[spring-boot-1.5.9.RELEASE.jar:1.5.9.RELEASE]
	at org.springframework.boot.SpringApplication.run(SpringApplication.java:1107) ~[spring-boot-1.5.9.RELEASE.jar:1.5.9.RELEASE]
	at com.skilly.house.hsrv.HouseSrvApplication.main(HouseSrvApplication.java:15) ~[classes/:?]
2018-02-28 19:14:54.912 [main] ERROR [org.springframework.boot.SpringApplication:771] maincid - Application startup failed
java.lang.NoSuchMethodError: com.fasterxml.classmate.TypeBindings.withAdditionalBinding(Ljava/lang/String;Lcom/fasterxml/classmate/ResolvedType;)Lcom/fasterxml/classmate/TypeBindings;
	at springfox.documentation.schema.WildcardType.adjustedTypeBindings(WildcardType.java:137) ~[springfox-core-2.2.2.jar:2.2.2]
	at springfox.documentation.schema.WildcardType.breadthFirstSearch(WildcardType.java:117) ~[springfox-core-2.2.2.jar:2.2.2]
	at springfox.documentation.schema.WildcardType.collectReplaceables(WildcardType.java:74) ~[springfox-core-2.2.2.jar:2.2.2]
	at springfox.documentation.schema.AlternateTypeRule.alternateFor(AlternateTypeRule.java:50) ~[springfox-core-2.2.2.jar:2.2.2]
	at springfox.documentation.spi.schema.AlternateTypeProvider.alternateFor(AlternateTypeProvider.java:44) ~[springfox-spi-2.2.2.jar:2.2.2]
	at springfox.documentation.spi.service.contexts.RequestMappingContext.alternateFor(RequestMappingContext.java:118) ~[springfox-spi-2.2.2.jar:2.2.2]
	at springfox.documentation.spring.web.readers.operation.OperationModelsProvider.collectFromReturnType(OperationModelsProvider.java:70) ~[springfox-spring-web-2.2.2.jar:2.2.2]
	at springfox.documentation.spring.web.readers.operation.OperationModelsProvider.apply(OperationModelsProvider.java:59) ~[springfox-spring-web-2.2.2.jar:2.2.2]
	at springfox.documentation.spring.web.plugins.DocumentationPluginsManager.modelContexts(DocumentationPluginsManager.java:129) ~[springfox-spring-web-2.2.2.jar:2.2.2]
	at springfox.documentation.spring.web.scanners.ApiModelReader.read(ApiModelReader.java:62) ~[springfox-spring-web-2.2.2.jar:2.2.2]
	at springfox.documentation.spring.web.scanners.ApiListingScanner.scan(ApiListingScanner.java:91) ~[springfox-spring-web-2.2.2.jar:2.2.2]
	at springfox.documentation.spring.web.scanners.ApiDocumentationScanner.scan(ApiDocumentationScanner.java:62) ~[springfox-spring-web-2.2.2.jar:2.2.2]
	at springfox.documentation.spring.web.plugins.DocumentationPluginsBootstrapper.scanDocumentation(DocumentationPluginsBootstrapper.java:101) ~[springfox-spring-web-2.2.2.jar:2.2.2]
	at springfox.documentation.spring.web.plugins.DocumentationPluginsBootstrapper.onApplicationEvent(DocumentationPluginsBootstrapper.java:87) ~[springfox-spring-web-2.2.2.jar:2.2.2]
	at springfox.documentation.spring.web.plugins.DocumentationPluginsBootstrapper.onApplicationEvent(DocumentationPluginsBootstrapper.java:50) ~[springfox-spring-web-2.2.2.jar:2.2.2]
	at org.springframework.context.event.SimpleApplicationEventMulticaster.doInvokeListener(SimpleApplicationEventMulticaster.java:172) ~[spring-context-4.3.13.RELEASE.jar:4.3.13.RELEASE]
	at org.springframework.context.event.SimpleApplicationEventMulticaster.invokeListener(SimpleApplicationEventMulticaster.java:165) ~[spring-context-4.3.13.RELEASE.jar:4.3.13.RELEASE]
	at org.springframework.context.event.SimpleApplicationEventMulticaster.multicastEvent(SimpleApplicationEventMulticaster.java:139) ~[spring-context-4.3.13.RELEASE.jar:4.3.13.RELEASE]
	at org.springframework.context.support.AbstractApplicationContext.publishEvent(AbstractApplicationContext.java:393) ~[spring-context-4.3.13.RELEASE.jar:4.3.13.RELEASE]
	at org.springframework.context.support.AbstractApplicationContext.publishEvent(AbstractApplicationContext.java:347) ~[spring-context-4.3.13.RELEASE.jar:4.3.13.RELEASE]
	at org.springframework.context.support.AbstractApplicationContext.finishRefresh(AbstractApplicationContext.java:883) ~[spring-context-4.3.13.RELEASE.jar:4.3.13.RELEASE]
	at org.springframework.boot.context.embedded.EmbeddedWebApplicationContext.finishRefresh(EmbeddedWebApplicationContext.java:144) ~[spring-boot-1.5.9.RELEASE.jar:1.5.9.RELEASE]
	at org.springframework.context.support.AbstractApplicationContext.refresh(AbstractApplicationContext.java:546) ~[spring-context-4.3.13.RELEASE.jar:4.3.13.RELEASE]
	at org.springframework.boot.context.embedded.EmbeddedWebApplicationContext.refresh(EmbeddedWebApplicationContext.java:122) ~[spring-boot-1.5.9.RELEASE.jar:1.5.9.RELEASE]
	at org.springframework.boot.SpringApplication.refresh(SpringApplication.java:693) ~[spring-boot-1.5.9.RELEASE.jar:1.5.9.RELEASE]
	at org.springframework.boot.SpringApplication.refreshContext(SpringApplication.java:360) ~[spring-boot-1.5.9.RELEASE.jar:1.5.9.RELEASE]
	at org.springframework.boot.SpringApplication.run(SpringApplication.java:303) ~[spring-boot-1.5.9.RELEASE.jar:1.5.9.RELEASE]
	at org.springframework.boot.SpringApplication.run(SpringApplication.java:1118) ~[spring-boot-1.5.9.RELEASE.jar:1.5.9.RELEASE]
	at org.springframework.boot.SpringApplication.run(SpringApplication.java:1107) ~[spring-boot-1.5.9.RELEASE.jar:1.5.9.RELEASE]
	at com.skilly.house.hsrv.HouseSrvApplication.main(HouseSrvApplication.java:15) ~[classes/:?]
