2018-03-01 10:48:28.282  [http-nio-8084-exec-1] DEBUG [com.skilly.house.hsrv.mapper.HouseMapper.selectHouse:] http-nio-8084-exec-1cid - ==> Parameters: 0(Integer), 2(Integer)
2018-03-01 10:54:27.184  [http-nio-8084-exec-2] DEBUG [com.skilly.house.hsrv.mapper.HouseMapper.selectHouse:] http-nio-8084-exec-2cid - ==>  Preparing: select a.id , a.type, a.name, a.price, a.images , a.area , a.beds , a.baths , a.rating , a.remarks , a.properties , a.floor_plan , a.tags , a.create_time , a.city_id , a.community_id , a.address, a.state, b.user_id from house a inner join ( select house_id,user_id from house_user WHERE type = 1 ) b on a.id = b.house_id WHERE state = 1 order by a.create_time desc limit ?, ? 
2018-03-01 10:54:27.185  [http-nio-8084-exec-2] DEBUG [com.skilly.house.hsrv.mapper.HouseMapper.selectHouse:] http-nio-8084-exec-2cid - ==> Parameters: 0(Integer), 2(Integer)
2018-03-01 10:54:44.299  [http-nio-8084-exec-3] DEBUG [com.skilly.house.hsrv.mapper.HouseMapper.selectHouse:] http-nio-8084-exec-3cid - ==>  Preparing: select a.id , a.type, a.name, a.price, a.images , a.area , a.beds , a.baths , a.rating , a.remarks , a.properties , a.floor_plan , a.tags , a.create_time , a.city_id , a.community_id , a.address, a.state, b.user_id from house a inner join ( select house_id,user_id from house_user WHERE type = 1 ) b on a.id = b.house_id WHERE state = 1 order by a.create_time desc limit ?, ? 
2018-03-01 10:54:44.302  [http-nio-8084-exec-3] DEBUG [com.skilly.house.hsrv.mapper.HouseMapper.selectHouse:] http-nio-8084-exec-3cid - ==> Parameters: 0(Integer), 2(Integer)
2018-03-01 10:57:47.544  [http-nio-8084-exec-5] DEBUG [com.skilly.house.hsrv.mapper.HouseMapper.selectHouse:] http-nio-8084-exec-5cid - ==>  Preparing: select a.id , a.type, a.name, a.price, a.images , a.area , a.beds , a.baths , a.rating , a.remarks , a.properties , a.floor_plan , a.tags , a.create_time , a.city_id , a.community_id , a.address, a.state, b.user_id from house a inner join ( select house_id,user_id from house_user WHERE type = 1 ) b on a.id = b.house_id WHERE state = 1 order by a.create_time desc limit ?, ? 
2018-03-01 10:57:47.548  [http-nio-8084-exec-5] DEBUG [com.skilly.house.hsrv.mapper.HouseMapper.selectHouse:] http-nio-8084-exec-5cid - ==> Parameters: 0(Integer), 2(Integer)
2018-03-01 10:59:38.729  [http-nio-8084-exec-6] DEBUG [com.skilly.house.hsrv.mapper.HouseMapper.selectHouse:] http-nio-8084-exec-6cid - ==>  Preparing: select a.id , a.type, a.name, a.price, a.images , a.area , a.beds , a.baths , a.rating , a.remarks , a.properties , a.floor_plan , a.tags , a.create_time , a.city_id , a.community_id , a.address, a.state, b.user_id from house a inner join ( select house_id,user_id from house_user WHERE type = 1 ) b on a.id = b.house_id WHERE state = 1 order by a.create_time desc limit ?, ? 
2018-03-01 10:59:38.731  [http-nio-8084-exec-6] DEBUG [com.skilly.house.hsrv.mapper.HouseMapper.selectHouse:] http-nio-8084-exec-6cid - ==> Parameters: 0(Integer), 2(Integer)
2018-03-01 10:59:38.787  [http-nio-8084-exec-6] DEBUG [com.skilly.house.hsrv.mapper.HouseMapper.selectHouse:] http-nio-8084-exec-6cid - <==      Total: 2
2018-03-01 10:59:38.789  [http-nio-8084-exec-6] DEBUG [com.skilly.house.hsrv.mapper.HouseMapper.selectHouseCount:] http-nio-8084-exec-6cid - ==>  Preparing: select count(id) from house a inner join ( select house_id,user_id from house_user WHERE type = 1 ) b on a.id = b.house_id WHERE state = 1 
2018-03-01 10:59:38.790  [http-nio-8084-exec-6] DEBUG [com.skilly.house.hsrv.mapper.HouseMapper.selectHouseCount:] http-nio-8084-exec-6cid - ==> Parameters: 
2018-03-01 10:59:38.791  [http-nio-8084-exec-6] DEBUG [com.skilly.house.hsrv.mapper.HouseMapper.selectHouseCount:] http-nio-8084-exec-6cid - <==      Total: 1
2018-03-01 10:59:38.966  [http-nio-8084-exec-7] DEBUG [com.skilly.house.hsrv.mapper.HouseMapper.selectHouse:] http-nio-8084-exec-7cid - ==>  Preparing: select a.id , a.type, a.name, a.price, a.images , a.area , a.beds , a.baths , a.rating , a.remarks , a.properties , a.floor_plan , a.tags , a.create_time , a.city_id , a.community_id , a.address, a.state, b.user_id from house a inner join ( select house_id,user_id from house_user WHERE type = 1 ) b on a.id = b.house_id WHERE state = 1 order by a.create_time desc limit ?, ? 
2018-03-01 10:59:38.967  [http-nio-8084-exec-7] DEBUG [com.skilly.house.hsrv.mapper.HouseMapper.selectHouse:] http-nio-8084-exec-7cid - ==> Parameters: 0(Integer), 3(Integer)
2018-03-01 10:59:38.969  [http-nio-8084-exec-7] DEBUG [com.skilly.house.hsrv.mapper.HouseMapper.selectHouse:] http-nio-8084-exec-7cid - <==      Total: 3
2018-03-01 10:59:41.761  [http-nio-8084-exec-8] DEBUG [com.skilly.house.hsrv.mapper.HouseMapper.selectHouse:] http-nio-8084-exec-8cid - ==>  Preparing: select a.id , a.type, a.name, a.price, a.images , a.area , a.beds , a.baths , a.rating , a.remarks , a.properties , a.floor_plan , a.tags , a.create_time , a.city_id , a.community_id , a.address, a.state, b.user_id from house a inner join ( select house_id,user_id from house_user WHERE type = 1 ) b on a.id = b.house_id WHERE state = 1 and a.id = ? order by a.create_time desc limit ?, ? 
2018-03-01 10:59:41.764  [http-nio-8084-exec-8] DEBUG [com.skilly.house.hsrv.mapper.HouseMapper.selectHouse:] http-nio-8084-exec-8cid - ==> Parameters: 26(Long), 0(Integer), 1(Integer)
2018-03-01 10:59:41.767  [http-nio-8084-exec-8] DEBUG [com.skilly.house.hsrv.mapper.HouseMapper.selectHouse:] http-nio-8084-exec-8cid - <==      Total: 1
2018-03-01 10:59:41.857  [http-nio-8084-exec-9] DEBUG [com.skilly.house.hsrv.mapper.HouseMapper.selectHouse:] http-nio-8084-exec-9cid - ==>  Preparing: select a.id , a.type, a.name, a.price, a.images , a.area , a.beds , a.baths , a.rating , a.remarks , a.properties , a.floor_plan , a.tags , a.create_time , a.city_id , a.community_id , a.address, a.state, b.user_id from house a inner join ( select house_id,user_id from house_user WHERE type = 1 ) b on a.id = b.house_id WHERE state = 1 and id in ( ? ) order by a.create_time desc limit ?, ? 
2018-03-01 10:59:41.861  [http-nio-8084-exec-9] DEBUG [com.skilly.house.hsrv.mapper.HouseMapper.selectHouse:] http-nio-8084-exec-9cid - ==> Parameters: 26(Long), 0(Integer), 3(Integer)
2018-03-01 10:59:41.863  [http-nio-8084-exec-9] DEBUG [com.skilly.house.hsrv.mapper.HouseMapper.selectHouse:] http-nio-8084-exec-9cid - <==      Total: 1
2018-03-01 10:59:55.193  [http-nio-8084-exec-10] DEBUG [com.skilly.house.hsrv.mapper.HouseMapper.selectHouse:] http-nio-8084-exec-10cid - ==>  Preparing: select a.id , a.type, a.name, a.price, a.images , a.area , a.beds , a.baths , a.rating , a.remarks , a.properties , a.floor_plan , a.tags , a.create_time , a.city_id , a.community_id , a.address, a.state, b.user_id from house a inner join ( select house_id,user_id from house_user WHERE type = 1 ) b on a.id = b.house_id WHERE state = 1 and a.id = ? order by a.create_time desc limit ?, ? 
2018-03-01 10:59:55.194  [http-nio-8084-exec-10] DEBUG [com.skilly.house.hsrv.mapper.HouseMapper.selectHouse:] http-nio-8084-exec-10cid - ==> Parameters: 26(Long), 0(Integer), 1(Integer)
2018-03-01 10:59:55.198  [http-nio-8084-exec-10] DEBUG [com.skilly.house.hsrv.mapper.HouseMapper.selectHouse:] http-nio-8084-exec-10cid - <==      Total: 1
2018-03-01 10:59:55.742  [http-nio-8084-exec-1] DEBUG [com.skilly.house.hsrv.mapper.HouseMapper.selectHouse:] http-nio-8084-exec-1cid - ==>  Preparing: select a.id , a.type, a.name, a.price, a.images , a.area , a.beds , a.baths , a.rating , a.remarks , a.properties , a.floor_plan , a.tags , a.create_time , a.city_id , a.community_id , a.address, a.state, b.user_id from house a inner join ( select house_id,user_id from house_user WHERE type = 1 ) b on a.id = b.house_id WHERE state = 1 and id in ( ? ) order by a.create_time desc limit ?, ? 
2018-03-01 10:59:55.743  [http-nio-8084-exec-1] DEBUG [com.skilly.house.hsrv.mapper.HouseMapper.selectHouse:] http-nio-8084-exec-1cid - ==> Parameters: 26(Long), 0(Integer), 3(Integer)
2018-03-01 10:59:55.745  [http-nio-8084-exec-1] DEBUG [com.skilly.house.hsrv.mapper.HouseMapper.selectHouse:] http-nio-8084-exec-1cid - <==      Total: 1
