2018-03-01 11:00:17.331 [http-nio-8084-exec-2] INFO  [org.zalando.logbook.Logbook:74] http-nio-8084-exec-2cid - Incoming Request: a1b0c144-0ad2-4310-b2d7-f854e2860060
GET http://DESKTOP-9MBSSTD:8084/house/detail?id=26 HTTP/1.1
host: DESKTOP-9MBSSTD:8084
connection: Keep-Alive
accept-encoding: gzip,deflate
user-agent: agent
accept: application/json, application/json, application/*+json, application/*+json
2018-03-01 11:00:17.449 [http-nio-8084-exec-2] INFO  [org.zalando.logbook.Logbook:79] http-nio-8084-exec-2cid - Outgoing Response: a1b0c144-0ad2-4310-b2d7-f854e2860060
HTTP/1.1 200 OK
X-Application-Context: house:local:8084
Content-Length: 1048
Date: Thu, 01 Mar 2018 03:00:17 GMT
Content-Type: application/json

{"code":0,"msg":"OK","result":{"address":"中北后海面一号","area":400,"baths":3,"beds":3,"bookmarked":false,"cityId":1,"communityId":3,"createTime":1515168000000,"featureList":["满五年","满两年","采光好","高楼层","环境好","价格合理","楼龄新","带阳台","税少","得房率高","临地铁"],"firstImg":"http://127.0.0.1:8081/images/1500801115/property-09.jpg","floorPlan":"","floorPlanList":[],"id":26,"imageList":["http://127.0.0.1:8081/images/1500801115/property-09.jpg","http://127.0.0.1:8081/images/1500801115/property-10.jpg","http://127.0.0.1:8081/images/1500801115/property-11.jpg"],"images":"/1500801115/property-09.jpg,/1500801115/property-10.jpg,/1500801115/property-11.jpg","name":"中央广场3层大四居","price":500,"priceStr":"500万","properties":"满五年,满两年,采光好,高楼层,环境好,价格合理,楼龄新,带阳台,税少,得房率高,临地铁","rating":0.0,"remarks":"中央广场3层大四居豪华装修","roundRating":0,"sort":"time_desc","state":1,"tags":"","type":1,"userId":38}}
2018-03-01 11:00:17.453 [http-nio-8084-exec-3] INFO  [org.zalando.logbook.Logbook:74] http-nio-8084-exec-3cid - Incoming Request: 1c576df2-4798-4b90-9502-f1696c6eea78
GET http://DESKTOP-9MBSSTD:8084/house/hot?size=3 HTTP/1.1
host: DESKTOP-9MBSSTD:8084
connection: Keep-Alive
accept-encoding: gzip,deflate
user-agent: agent
accept: application/json, application/json, application/*+json, application/*+json
2018-03-01 11:00:17.543 [http-nio-8084-exec-3] INFO  [org.zalando.logbook.Logbook:79] http-nio-8084-exec-3cid - Outgoing Response: 1c576df2-4798-4b90-9502-f1696c6eea78
HTTP/1.1 200 OK
X-Application-Context: house:local:8084
Content-Length: 1050
Date: Thu, 01 Mar 2018 03:00:17 GMT
Content-Type: application/json

{"code":0,"msg":"OK","result":[{"address":"中北后海面一号","area":400,"baths":3,"beds":3,"bookmarked":false,"cityId":1,"communityId":3,"createTime":1515168000000,"featureList":["满五年","满两年","采光好","高楼层","环境好","价格合理","楼龄新","带阳台","税少","得房率高","临地铁"],"firstImg":"http://127.0.0.1:8081/images/1500801115/property-09.jpg","floorPlan":"","floorPlanList":[],"id":26,"imageList":["http://127.0.0.1:8081/images/1500801115/property-09.jpg","http://127.0.0.1:8081/images/1500801115/property-10.jpg","http://127.0.0.1:8081/images/1500801115/property-11.jpg"],"images":"/1500801115/property-09.jpg,/1500801115/property-10.jpg,/1500801115/property-11.jpg","name":"中央广场3层大四居","price":500,"priceStr":"500万","properties":"满五年,满两年,采光好,高楼层,环境好,价格合理,楼龄新,带阳台,税少,得房率高,临地铁","rating":0.0,"remarks":"中央广场3层大四居豪华装修","roundRating":0,"sort":"time_desc","state":1,"tags":"","type":1,"userId":38}]}
2018-03-01 11:04:12.490 [AsyncResolver-bootstrap-executor-0] INFO  [com.netflix.discovery.shared.resolver.aws.ConfigClusterResolver:43] AsyncResolver-bootstrap-executor-0cid - Resolving eureka endpoints via configuration
2018-03-01 11:05:20.719 [http-nio-8084-exec-4] INFO  [org.zalando.logbook.Logbook:74] http-nio-8084-exec-4cid - Incoming Request: 506b6f68-4646-44fb-8abf-2cf99955c2ca
GET http://DESKTOP-9MBSSTD:8084/house/detail?id=26 HTTP/1.1
host: DESKTOP-9MBSSTD:8084
connection: Keep-Alive
accept-encoding: gzip,deflate
user-agent: agent
accept: application/json, application/json, application/*+json, application/*+json
2018-03-01 11:05:20.921 [http-nio-8084-exec-4] INFO  [org.zalando.logbook.Logbook:79] http-nio-8084-exec-4cid - Outgoing Response: 506b6f68-4646-44fb-8abf-2cf99955c2ca
HTTP/1.1 200 OK
X-Application-Context: house:local:8084
Content-Length: 1048
Date: Thu, 01 Mar 2018 03:05:20 GMT
Content-Type: application/json

{"code":0,"msg":"OK","result":{"address":"中北后海面一号","area":400,"baths":3,"beds":3,"bookmarked":false,"cityId":1,"communityId":3,"createTime":1515168000000,"featureList":["满五年","满两年","采光好","高楼层","环境好","价格合理","楼龄新","带阳台","税少","得房率高","临地铁"],"firstImg":"http://127.0.0.1:8081/images/1500801115/property-09.jpg","floorPlan":"","floorPlanList":[],"id":26,"imageList":["http://127.0.0.1:8081/images/1500801115/property-09.jpg","http://127.0.0.1:8081/images/1500801115/property-10.jpg","http://127.0.0.1:8081/images/1500801115/property-11.jpg"],"images":"/1500801115/property-09.jpg,/1500801115/property-10.jpg,/1500801115/property-11.jpg","name":"中央广场3层大四居","price":500,"priceStr":"500万","properties":"满五年,满两年,采光好,高楼层,环境好,价格合理,楼龄新,带阳台,税少,得房率高,临地铁","rating":0.0,"remarks":"中央广场3层大四居豪华装修","roundRating":0,"sort":"time_desc","state":1,"tags":"","type":1,"userId":38}}
2018-03-01 11:05:20.931 [http-nio-8084-exec-6] INFO  [org.zalando.logbook.Logbook:74] http-nio-8084-exec-6cid - Incoming Request: e61b5b17-fbab-40aa-bcda-d989f24211e4
GET http://DESKTOP-9MBSSTD:8084/house/hot?size=3 HTTP/1.1
host: DESKTOP-9MBSSTD:8084
connection: Keep-Alive
accept-encoding: gzip,deflate
user-agent: agent
accept: application/json, application/json, application/*+json, application/*+json
2018-03-01 11:05:21.023 [http-nio-8084-exec-6] INFO  [org.zalando.logbook.Logbook:79] http-nio-8084-exec-6cid - Outgoing Response: e61b5b17-fbab-40aa-bcda-d989f24211e4
HTTP/1.1 200 OK
X-Application-Context: house:local:8084
Content-Length: 1050
Date: Thu, 01 Mar 2018 03:05:20 GMT
Content-Type: application/json

{"code":0,"msg":"OK","result":[{"address":"中北后海面一号","area":400,"baths":3,"beds":3,"bookmarked":false,"cityId":1,"communityId":3,"createTime":1515168000000,"featureList":["满五年","满两年","采光好","高楼层","环境好","价格合理","楼龄新","带阳台","税少","得房率高","临地铁"],"firstImg":"http://127.0.0.1:8081/images/1500801115/property-09.jpg","floorPlan":"","floorPlanList":[],"id":26,"imageList":["http://127.0.0.1:8081/images/1500801115/property-09.jpg","http://127.0.0.1:8081/images/1500801115/property-10.jpg","http://127.0.0.1:8081/images/1500801115/property-11.jpg"],"images":"/1500801115/property-09.jpg,/1500801115/property-10.jpg,/1500801115/property-11.jpg","name":"中央广场3层大四居","price":500,"priceStr":"500万","properties":"满五年,满两年,采光好,高楼层,环境好,价格合理,楼龄新,带阳台,税少,得房率高,临地铁","rating":0.0,"remarks":"中央广场3层大四居豪华装修","roundRating":0,"sort":"time_desc","state":1,"tags":"","type":1,"userId":38}]}
2018-03-01 11:08:34.083 [http-nio-8084-exec-8] INFO  [org.zalando.logbook.Logbook:74] http-nio-8084-exec-8cid - Incoming Request: db71247f-dd49-479b-b66c-b729720f6a8e
GET http://DESKTOP-9MBSSTD:8084/house/detail?id=26 HTTP/1.1
host: DESKTOP-9MBSSTD:8084
connection: Keep-Alive
accept-encoding: gzip,deflate
user-agent: agent
accept: application/json, application/json, application/*+json, application/*+json
2018-03-01 11:08:34.234 [http-nio-8084-exec-8] INFO  [org.zalando.logbook.Logbook:79] http-nio-8084-exec-8cid - Outgoing Response: db71247f-dd49-479b-b66c-b729720f6a8e
HTTP/1.1 200 OK
X-Application-Context: house:local:8084
Content-Length: 1048
Date: Thu, 01 Mar 2018 03:08:34 GMT
Content-Type: application/json

{"code":0,"msg":"OK","result":{"address":"中北后海面一号","area":400,"baths":3,"beds":3,"bookmarked":false,"cityId":1,"communityId":3,"createTime":1515168000000,"featureList":["满五年","满两年","采光好","高楼层","环境好","价格合理","楼龄新","带阳台","税少","得房率高","临地铁"],"firstImg":"http://127.0.0.1:8081/images/1500801115/property-09.jpg","floorPlan":"","floorPlanList":[],"id":26,"imageList":["http://127.0.0.1:8081/images/1500801115/property-09.jpg","http://127.0.0.1:8081/images/1500801115/property-10.jpg","http://127.0.0.1:8081/images/1500801115/property-11.jpg"],"images":"/1500801115/property-09.jpg,/1500801115/property-10.jpg,/1500801115/property-11.jpg","name":"中央广场3层大四居","price":500,"priceStr":"500万","properties":"满五年,满两年,采光好,高楼层,环境好,价格合理,楼龄新,带阳台,税少,得房率高,临地铁","rating":0.0,"remarks":"中央广场3层大四居豪华装修","roundRating":0,"sort":"time_desc","state":1,"tags":"","type":1,"userId":38}}
2018-03-01 11:08:34.238 [http-nio-8084-exec-8] INFO  [org.zalando.logbook.Logbook:74] http-nio-8084-exec-8cid - Incoming Request: b531c65b-5639-4a51-af29-1b818aee7529
GET http://DESKTOP-9MBSSTD:8084/house/hot?size=3 HTTP/1.1
host: DESKTOP-9MBSSTD:8084
connection: Keep-Alive
accept-encoding: gzip,deflate
user-agent: agent
accept: application/json, application/json, application/*+json, application/*+json
2018-03-01 11:08:34.300 [http-nio-8084-exec-8] INFO  [org.zalando.logbook.Logbook:79] http-nio-8084-exec-8cid - Outgoing Response: b531c65b-5639-4a51-af29-1b818aee7529
HTTP/1.1 200 OK
X-Application-Context: house:local:8084
Content-Length: 1050
Date: Thu, 01 Mar 2018 03:08:34 GMT
Content-Type: application/json

{"code":0,"msg":"OK","result":[{"address":"中北后海面一号","area":400,"baths":3,"beds":3,"bookmarked":false,"cityId":1,"communityId":3,"createTime":1515168000000,"featureList":["满五年","满两年","采光好","高楼层","环境好","价格合理","楼龄新","带阳台","税少","得房率高","临地铁"],"firstImg":"http://127.0.0.1:8081/images/1500801115/property-09.jpg","floorPlan":"","floorPlanList":[],"id":26,"imageList":["http://127.0.0.1:8081/images/1500801115/property-09.jpg","http://127.0.0.1:8081/images/1500801115/property-10.jpg","http://127.0.0.1:8081/images/1500801115/property-11.jpg"],"images":"/1500801115/property-09.jpg,/1500801115/property-10.jpg,/1500801115/property-11.jpg","name":"中央广场3层大四居","price":500,"priceStr":"500万","properties":"满五年,满两年,采光好,高楼层,环境好,价格合理,楼龄新,带阳台,税少,得房率高,临地铁","rating":0.0,"remarks":"中央广场3层大四居豪华装修","roundRating":0,"sort":"time_desc","state":1,"tags":"","type":1,"userId":38}]}
2018-03-01 11:09:12.493 [AsyncResolver-bootstrap-executor-0] INFO  [com.netflix.discovery.shared.resolver.aws.ConfigClusterResolver:43] AsyncResolver-bootstrap-executor-0cid - Resolving eureka endpoints via configuration
2018-03-01 11:11:02.229 [http-nio-8084-exec-10] INFO  [org.zalando.logbook.Logbook:74] http-nio-8084-exec-10cid - Incoming Request: 58f4a445-0dd1-4883-8927-ca4eadbee00a
GET http://DESKTOP-9MBSSTD:8084/house/detail?id=26 HTTP/1.1
host: DESKTOP-9MBSSTD:8084
connection: Keep-Alive
accept-encoding: gzip,deflate
user-agent: agent
accept: application/json, application/json, application/*+json, application/*+json
2018-03-01 11:11:02.615 [http-nio-8084-exec-10] INFO  [org.zalando.logbook.Logbook:79] http-nio-8084-exec-10cid - Outgoing Response: 58f4a445-0dd1-4883-8927-ca4eadbee00a
HTTP/1.1 200 OK
X-Application-Context: house:local:8084
Content-Length: 1048
Date: Thu, 01 Mar 2018 03:11:02 GMT
Content-Type: application/json

{"code":0,"msg":"OK","result":{"address":"中北后海面一号","area":400,"baths":3,"beds":3,"bookmarked":false,"cityId":1,"communityId":3,"createTime":1515168000000,"featureList":["满五年","满两年","采光好","高楼层","环境好","价格合理","楼龄新","带阳台","税少","得房率高","临地铁"],"firstImg":"http://127.0.0.1:8081/images/1500801115/property-09.jpg","floorPlan":"","floorPlanList":[],"id":26,"imageList":["http://127.0.0.1:8081/images/1500801115/property-09.jpg","http://127.0.0.1:8081/images/1500801115/property-10.jpg","http://127.0.0.1:8081/images/1500801115/property-11.jpg"],"images":"/1500801115/property-09.jpg,/1500801115/property-10.jpg,/1500801115/property-11.jpg","name":"中央广场3层大四居","price":500,"priceStr":"500万","properties":"满五年,满两年,采光好,高楼层,环境好,价格合理,楼龄新,带阳台,税少,得房率高,临地铁","rating":0.0,"remarks":"中央广场3层大四居豪华装修","roundRating":0,"sort":"time_desc","state":1,"tags":"","type":1,"userId":38}}
2018-03-01 11:11:02.619 [http-nio-8084-exec-1] INFO  [org.zalando.logbook.Logbook:74] http-nio-8084-exec-1cid - Incoming Request: 28d0d422-beee-445a-afb4-a32fdb26bf38
GET http://DESKTOP-9MBSSTD:8084/house/hot?size=3 HTTP/1.1
host: DESKTOP-9MBSSTD:8084
connection: Keep-Alive
accept-encoding: gzip,deflate
user-agent: agent
accept: application/json, application/json, application/*+json, application/*+json
2018-03-01 11:11:02.672 [http-nio-8084-exec-1] INFO  [org.zalando.logbook.Logbook:79] http-nio-8084-exec-1cid - Outgoing Response: 28d0d422-beee-445a-afb4-a32fdb26bf38
HTTP/1.1 200 OK
X-Application-Context: house:local:8084
Content-Length: 1050
Date: Thu, 01 Mar 2018 03:11:02 GMT
Content-Type: application/json

{"code":0,"msg":"OK","result":[{"address":"中北后海面一号","area":400,"baths":3,"beds":3,"bookmarked":false,"cityId":1,"communityId":3,"createTime":1515168000000,"featureList":["满五年","满两年","采光好","高楼层","环境好","价格合理","楼龄新","带阳台","税少","得房率高","临地铁"],"firstImg":"http://127.0.0.1:8081/images/1500801115/property-09.jpg","floorPlan":"","floorPlanList":[],"id":26,"imageList":["http://127.0.0.1:8081/images/1500801115/property-09.jpg","http://127.0.0.1:8081/images/1500801115/property-10.jpg","http://127.0.0.1:8081/images/1500801115/property-11.jpg"],"images":"/1500801115/property-09.jpg,/1500801115/property-10.jpg,/1500801115/property-11.jpg","name":"中央广场3层大四居","price":500,"priceStr":"500万","properties":"满五年,满两年,采光好,高楼层,环境好,价格合理,楼龄新,带阳台,税少,得房率高,临地铁","rating":0.0,"remarks":"中央广场3层大四居豪华装修","roundRating":0,"sort":"time_desc","state":1,"tags":"","type":1,"userId":38}]}
2018-03-01 11:11:37.605 [http-nio-8084-exec-2] INFO  [org.zalando.logbook.Logbook:74] http-nio-8084-exec-2cid - Incoming Request: d52d7b71-ff32-4f71-b61d-1dc5e406845a
GET http://DESKTOP-9MBSSTD:8084/house/rating?id=26&rating=4.0 HTTP/1.1
host: DESKTOP-9MBSSTD:8084
connection: Keep-Alive
accept-encoding: gzip,deflate
user-agent: agent
accept: application/json, application/json, application/*+json, application/*+json
2018-03-01 11:11:37.683 [http-nio-8084-exec-2] INFO  [org.zalando.logbook.Logbook:79] http-nio-8084-exec-2cid - Outgoing Response: d52d7b71-ff32-4f71-b61d-1dc5e406845a
HTTP/1.1 200 OK
X-Application-Context: house:local:8084
Content-Length: 21
Date: Thu, 01 Mar 2018 03:11:37 GMT
Content-Type: application/json

{"code":0,"msg":"OK"}
2018-03-01 11:14:12.495 [AsyncResolver-bootstrap-executor-0] INFO  [com.netflix.discovery.shared.resolver.aws.ConfigClusterResolver:43] AsyncResolver-bootstrap-executor-0cid - Resolving eureka endpoints via configuration
2018-03-01 11:19:12.497 [AsyncResolver-bootstrap-executor-0] INFO  [com.netflix.discovery.shared.resolver.aws.ConfigClusterResolver:43] AsyncResolver-bootstrap-executor-0cid - Resolving eureka endpoints via configuration
2018-03-01 11:24:12.498 [AsyncResolver-bootstrap-executor-0] INFO  [com.netflix.discovery.shared.resolver.aws.ConfigClusterResolver:43] AsyncResolver-bootstrap-executor-0cid - Resolving eureka endpoints via configuration
2018-03-01 11:29:12.503 [AsyncResolver-bootstrap-executor-0] INFO  [com.netflix.discovery.shared.resolver.aws.ConfigClusterResolver:43] AsyncResolver-bootstrap-executor-0cid - Resolving eureka endpoints via configuration
2018-03-01 11:34:12.503 [AsyncResolver-bootstrap-executor-0] INFO  [com.netflix.discovery.shared.resolver.aws.ConfigClusterResolver:43] AsyncResolver-bootstrap-executor-0cid - Resolving eureka endpoints via configuration
2018-03-01 11:35:42.005 [http-nio-8084-exec-5] INFO  [org.zalando.logbook.Logbook:74] http-nio-8084-exec-5cid - Incoming Request: 02a14747-f681-4e60-980e-95e4f8f21c21
GET http://DESKTOP-9MBSSTD:8084/house/rating?id=26&rating=4.0 HTTP/1.1
host: DESKTOP-9MBSSTD:8084
connection: Keep-Alive
accept-encoding: gzip,deflate
user-agent: agent
accept: application/json, application/json, application/*+json, application/*+json
2018-03-01 11:35:42.123 [http-nio-8084-exec-5] INFO  [org.zalando.logbook.Logbook:79] http-nio-8084-exec-5cid - Outgoing Response: 02a14747-f681-4e60-980e-95e4f8f21c21
HTTP/1.1 200 OK
X-Application-Context: house:local:8084
Content-Length: 21
Date: Thu, 01 Mar 2018 03:35:42 GMT
Content-Type: application/json

{"code":0,"msg":"OK"}
2018-03-01 11:39:12.505 [AsyncResolver-bootstrap-executor-0] INFO  [com.netflix.discovery.shared.resolver.aws.ConfigClusterResolver:43] AsyncResolver-bootstrap-executor-0cid - Resolving eureka endpoints via configuration
2018-03-01 11:40:42.021 [http-nio-8084-exec-6] INFO  [org.zalando.logbook.Logbook:74] http-nio-8084-exec-6cid - Incoming Request: 4603fba8-4234-473c-ab00-be10256bf5e4
POST http://DESKTOP-9MBSSTD:8084/house/v1/rating?rating=4&id=26&_=1519873868247 HTTP/1.1
content-length: 35
x-forwarded-proto: http
accept-language: zh-CN,zh;q=0.9,en;q=0.8
postman-token: 74dd568c-ff61-9229-9266-b40f2936e85f
origin: chrome-extension://fhbjgbiflinjbdggehcddcbncdddomop
x-forwarded-port: 8080
x-forwarded-for: 0:0:0:0:0:0:0:1
x-api-token: c0d58db2-bee8-4d10-a152-45d1025e6b0c
accept: */*
x-forwarded-host: localhost:8080
host: DESKTOP-9MBSSTD:8084
content-type: application/json
connection: Keep-Alive
cache-control: no-cache
accept-encoding: gzip
user-agent: Mozilla/5.0 (Windows NT 10.0; Win64; x64) AppleWebKit/537.36 (KHTML, like Gecko) Chrome/63.0.3239.132 Safari/537.36

{
	
	"no": "OB162979429587488768"
}
2018-03-01 11:40:42.089 [http-nio-8084-exec-6] INFO  [org.zalando.logbook.Logbook:79] http-nio-8084-exec-6cid - Outgoing Response: 4603fba8-4234-473c-ab00-be10256bf5e4
HTTP/1.1 200 OK
X-Application-Context: house:local:8084
Content-Length: 21
Date: Thu, 01 Mar 2018 03:40:42 GMT
Content-Type: application/json

{"code":0,"msg":"OK"}
2018-03-01 11:44:12.505 [AsyncResolver-bootstrap-executor-0] INFO  [com.netflix.discovery.shared.resolver.aws.ConfigClusterResolver:43] AsyncResolver-bootstrap-executor-0cid - Resolving eureka endpoints via configuration
