2018-03-01 11:00:17.334  [http-nio-8084-exec-2] DEBUG [com.skilly.house.hsrv.mapper.HouseMapper.selectHouse:] http-nio-8084-exec-2cid - ==>  Preparing: select a.id , a.type, a.name, a.price, a.images , a.area , a.beds , a.baths , a.rating , a.remarks , a.properties , a.floor_plan , a.tags , a.create_time , a.city_id , a.community_id , a.address, a.state, b.user_id from house a inner join ( select house_id,user_id from house_user WHERE type = 1 ) b on a.id = b.house_id WHERE state = 1 and a.id = ? order by a.create_time desc limit ?, ? 
2018-03-01 11:00:17.335  [http-nio-8084-exec-2] DEBUG [com.skilly.house.hsrv.mapper.HouseMapper.selectHouse:] http-nio-8084-exec-2cid - ==> Parameters: 26(Long), 0(Integer), 1(Integer)
2018-03-01 11:00:17.339  [http-nio-8084-exec-2] DEBUG [com.skilly.house.hsrv.mapper.HouseMapper.selectHouse:] http-nio-8084-exec-2cid - <==      Total: 1
2018-03-01 11:00:17.523  [http-nio-8084-exec-3] DEBUG [com.skilly.house.hsrv.mapper.HouseMapper.selectHouse:] http-nio-8084-exec-3cid - ==>  Preparing: select a.id , a.type, a.name, a.price, a.images , a.area , a.beds , a.baths , a.rating , a.remarks , a.properties , a.floor_plan , a.tags , a.create_time , a.city_id , a.community_id , a.address, a.state, b.user_id from house a inner join ( select house_id,user_id from house_user WHERE type = 1 ) b on a.id = b.house_id WHERE state = 1 and id in ( ? ) order by a.create_time desc limit ?, ? 
2018-03-01 11:00:17.524  [http-nio-8084-exec-3] DEBUG [com.skilly.house.hsrv.mapper.HouseMapper.selectHouse:] http-nio-8084-exec-3cid - ==> Parameters: 26(Long), 0(Integer), 3(Integer)
2018-03-01 11:00:17.541  [http-nio-8084-exec-3] DEBUG [com.skilly.house.hsrv.mapper.HouseMapper.selectHouse:] http-nio-8084-exec-3cid - <==      Total: 1
2018-03-01 11:05:20.741  [http-nio-8084-exec-4] DEBUG [com.skilly.house.hsrv.mapper.HouseMapper.selectHouse:] http-nio-8084-exec-4cid - ==>  Preparing: select a.id , a.type, a.name, a.price, a.images , a.area , a.beds , a.baths , a.rating , a.remarks , a.properties , a.floor_plan , a.tags , a.create_time , a.city_id , a.community_id , a.address, a.state, b.user_id from house a inner join ( select house_id,user_id from house_user WHERE type = 1 ) b on a.id = b.house_id WHERE state = 1 and a.id = ? order by a.create_time desc limit ?, ? 
2018-03-01 11:05:20.748  [http-nio-8084-exec-4] DEBUG [com.skilly.house.hsrv.mapper.HouseMapper.selectHouse:] http-nio-8084-exec-4cid - ==> Parameters: 26(Long), 0(Integer), 1(Integer)
2018-03-01 11:05:20.757  [http-nio-8084-exec-4] DEBUG [com.skilly.house.hsrv.mapper.HouseMapper.selectHouse:] http-nio-8084-exec-4cid - <==      Total: 1
2018-03-01 11:05:21.019  [http-nio-8084-exec-6] DEBUG [com.skilly.house.hsrv.mapper.HouseMapper.selectHouse:] http-nio-8084-exec-6cid - ==>  Preparing: select a.id , a.type, a.name, a.price, a.images , a.area , a.beds , a.baths , a.rating , a.remarks , a.properties , a.floor_plan , a.tags , a.create_time , a.city_id , a.community_id , a.address, a.state, b.user_id from house a inner join ( select house_id,user_id from house_user WHERE type = 1 ) b on a.id = b.house_id WHERE state = 1 and id in ( ? ) order by a.create_time desc limit ?, ? 
2018-03-01 11:05:21.019  [http-nio-8084-exec-6] DEBUG [com.skilly.house.hsrv.mapper.HouseMapper.selectHouse:] http-nio-8084-exec-6cid - ==> Parameters: 26(Long), 0(Integer), 3(Integer)
2018-03-01 11:05:21.021  [http-nio-8084-exec-6] DEBUG [com.skilly.house.hsrv.mapper.HouseMapper.selectHouse:] http-nio-8084-exec-6cid - <==      Total: 1
2018-03-01 11:08:34.089  [http-nio-8084-exec-8] DEBUG [com.skilly.house.hsrv.mapper.HouseMapper.selectHouse:] http-nio-8084-exec-8cid - ==>  Preparing: select a.id , a.type, a.name, a.price, a.images , a.area , a.beds , a.baths , a.rating , a.remarks , a.properties , a.floor_plan , a.tags , a.create_time , a.city_id , a.community_id , a.address, a.state, b.user_id from house a inner join ( select house_id,user_id from house_user WHERE type = 1 ) b on a.id = b.house_id WHERE state = 1 and a.id = ? order by a.create_time desc limit ?, ? 
2018-03-01 11:08:34.091  [http-nio-8084-exec-8] DEBUG [com.skilly.house.hsrv.mapper.HouseMapper.selectHouse:] http-nio-8084-exec-8cid - ==> Parameters: 26(Long), 0(Integer), 1(Integer)
2018-03-01 11:08:34.093  [http-nio-8084-exec-8] DEBUG [com.skilly.house.hsrv.mapper.HouseMapper.selectHouse:] http-nio-8084-exec-8cid - <==      Total: 1
2018-03-01 11:08:34.296  [http-nio-8084-exec-8] DEBUG [com.skilly.house.hsrv.mapper.HouseMapper.selectHouse:] http-nio-8084-exec-8cid - ==>  Preparing: select a.id , a.type, a.name, a.price, a.images , a.area , a.beds , a.baths , a.rating , a.remarks , a.properties , a.floor_plan , a.tags , a.create_time , a.city_id , a.community_id , a.address, a.state, b.user_id from house a inner join ( select house_id,user_id from house_user WHERE type = 1 ) b on a.id = b.house_id WHERE state = 1 and id in ( ? ) order by a.create_time desc limit ?, ? 
2018-03-01 11:08:34.296  [http-nio-8084-exec-8] DEBUG [com.skilly.house.hsrv.mapper.HouseMapper.selectHouse:] http-nio-8084-exec-8cid - ==> Parameters: 26(Long), 0(Integer), 3(Integer)
2018-03-01 11:08:34.298  [http-nio-8084-exec-8] DEBUG [com.skilly.house.hsrv.mapper.HouseMapper.selectHouse:] http-nio-8084-exec-8cid - <==      Total: 1
2018-03-01 11:11:02.233  [http-nio-8084-exec-10] DEBUG [com.skilly.house.hsrv.mapper.HouseMapper.selectHouse:] http-nio-8084-exec-10cid - ==>  Preparing: select a.id , a.type, a.name, a.price, a.images , a.area , a.beds , a.baths , a.rating , a.remarks , a.properties , a.floor_plan , a.tags , a.create_time , a.city_id , a.community_id , a.address, a.state, b.user_id from house a inner join ( select house_id,user_id from house_user WHERE type = 1 ) b on a.id = b.house_id WHERE state = 1 and a.id = ? order by a.create_time desc limit ?, ? 
2018-03-01 11:11:02.234  [http-nio-8084-exec-10] DEBUG [com.skilly.house.hsrv.mapper.HouseMapper.selectHouse:] http-nio-8084-exec-10cid - ==> Parameters: 26(Long), 0(Integer), 1(Integer)
2018-03-01 11:11:02.241  [http-nio-8084-exec-10] DEBUG [com.skilly.house.hsrv.mapper.HouseMapper.selectHouse:] http-nio-8084-exec-10cid - <==      Total: 1
2018-03-01 11:11:02.667  [http-nio-8084-exec-1] DEBUG [com.skilly.house.hsrv.mapper.HouseMapper.selectHouse:] http-nio-8084-exec-1cid - ==>  Preparing: select a.id , a.type, a.name, a.price, a.images , a.area , a.beds , a.baths , a.rating , a.remarks , a.properties , a.floor_plan , a.tags , a.create_time , a.city_id , a.community_id , a.address, a.state, b.user_id from house a inner join ( select house_id,user_id from house_user WHERE type = 1 ) b on a.id = b.house_id WHERE state = 1 and id in ( ? ) order by a.create_time desc limit ?, ? 
2018-03-01 11:11:02.668  [http-nio-8084-exec-1] DEBUG [com.skilly.house.hsrv.mapper.HouseMapper.selectHouse:] http-nio-8084-exec-1cid - ==> Parameters: 26(Long), 0(Integer), 3(Integer)
2018-03-01 11:11:02.670  [http-nio-8084-exec-1] DEBUG [com.skilly.house.hsrv.mapper.HouseMapper.selectHouse:] http-nio-8084-exec-1cid - <==      Total: 1
2018-03-01 11:11:37.610  [http-nio-8084-exec-2] DEBUG [com.skilly.house.hsrv.mapper.HouseMapper.selectHouse:] http-nio-8084-exec-2cid - ==>  Preparing: select a.id , a.type, a.name, a.price, a.images , a.area , a.beds , a.baths , a.rating , a.remarks , a.properties , a.floor_plan , a.tags , a.create_time , a.city_id , a.community_id , a.address, a.state, b.user_id from house a inner join ( select house_id,user_id from house_user WHERE type = 1 ) b on a.id = b.house_id WHERE state = 1 and a.id = ? order by a.create_time desc limit ?, ? 
2018-03-01 11:11:37.611  [http-nio-8084-exec-2] DEBUG [com.skilly.house.hsrv.mapper.HouseMapper.selectHouse:] http-nio-8084-exec-2cid - ==> Parameters: 26(Long), 0(Integer), 1(Integer)
2018-03-01 11:11:37.615  [http-nio-8084-exec-2] DEBUG [com.skilly.house.hsrv.mapper.HouseMapper.selectHouse:] http-nio-8084-exec-2cid - <==      Total: 1
2018-03-01 11:11:37.619  [http-nio-8084-exec-2] DEBUG [com.skilly.house.hsrv.mapper.HouseMapper.updateHouse:] http-nio-8084-exec-2cid - ==>  Preparing: update house set rating = ? where id = ? 
2018-03-01 11:11:37.630  [http-nio-8084-exec-2] DEBUG [com.skilly.house.hsrv.mapper.HouseMapper.updateHouse:] http-nio-8084-exec-2cid - ==> Parameters: 4.0(Double), 26(Long)
2018-03-01 11:11:37.680  [http-nio-8084-exec-2] DEBUG [com.skilly.house.hsrv.mapper.HouseMapper.updateHouse:] http-nio-8084-exec-2cid - <==    Updates: 1
2018-03-01 11:35:42.024  [http-nio-8084-exec-5] DEBUG [com.skilly.house.hsrv.mapper.HouseMapper.selectHouse:] http-nio-8084-exec-5cid - ==>  Preparing: select a.id , a.type, a.name, a.price, a.images , a.area , a.beds , a.baths , a.rating , a.remarks , a.properties , a.floor_plan , a.tags , a.create_time , a.city_id , a.community_id , a.address, a.state, b.user_id from house a inner join ( select house_id,user_id from house_user WHERE type = 1 ) b on a.id = b.house_id WHERE state = 1 and a.id = ? order by a.create_time desc limit ?, ? 
2018-03-01 11:35:42.029  [http-nio-8084-exec-5] DEBUG [com.skilly.house.hsrv.mapper.HouseMapper.selectHouse:] http-nio-8084-exec-5cid - ==> Parameters: 26(Long), 0(Integer), 1(Integer)
2018-03-01 11:35:42.055  [http-nio-8084-exec-5] DEBUG [com.skilly.house.hsrv.mapper.HouseMapper.selectHouse:] http-nio-8084-exec-5cid - <==      Total: 1
2018-03-01 11:35:42.056  [http-nio-8084-exec-5] DEBUG [com.skilly.house.hsrv.mapper.HouseMapper.updateHouse:] http-nio-8084-exec-5cid - ==>  Preparing: update house set rating = ? where id = ? 
2018-03-01 11:35:42.060  [http-nio-8084-exec-5] DEBUG [com.skilly.house.hsrv.mapper.HouseMapper.updateHouse:] http-nio-8084-exec-5cid - ==> Parameters: 4.0(Double), 26(Long)
2018-03-01 11:35:42.117  [http-nio-8084-exec-5] DEBUG [com.skilly.house.hsrv.mapper.HouseMapper.updateHouse:] http-nio-8084-exec-5cid - <==    Updates: 1
2018-03-01 11:40:42.042  [http-nio-8084-exec-6] DEBUG [com.skilly.house.hsrv.mapper.HouseMapper.selectHouse:] http-nio-8084-exec-6cid - ==>  Preparing: select a.id , a.type, a.name, a.price, a.images , a.area , a.beds , a.baths , a.rating , a.remarks , a.properties , a.floor_plan , a.tags , a.create_time , a.city_id , a.community_id , a.address, a.state, b.user_id from house a inner join ( select house_id,user_id from house_user WHERE type = 1 ) b on a.id = b.house_id WHERE state = 1 and a.id = ? order by a.create_time desc limit ?, ? 
2018-03-01 11:40:42.043  [http-nio-8084-exec-6] DEBUG [com.skilly.house.hsrv.mapper.HouseMapper.selectHouse:] http-nio-8084-exec-6cid - ==> Parameters: 26(Long), 0(Integer), 1(Integer)
2018-03-01 11:40:42.045  [http-nio-8084-exec-6] DEBUG [com.skilly.house.hsrv.mapper.HouseMapper.selectHouse:] http-nio-8084-exec-6cid - <==      Total: 1
2018-03-01 11:40:42.046  [http-nio-8084-exec-6] DEBUG [com.skilly.house.hsrv.mapper.HouseMapper.updateHouse:] http-nio-8084-exec-6cid - ==>  Preparing: update house set rating = ? where id = ? 
2018-03-01 11:40:42.046  [http-nio-8084-exec-6] DEBUG [com.skilly.house.hsrv.mapper.HouseMapper.updateHouse:] http-nio-8084-exec-6cid - ==> Parameters: 4.0(Double), 26(Long)
2018-03-01 11:40:42.086  [http-nio-8084-exec-6] DEBUG [com.skilly.house.hsrv.mapper.HouseMapper.updateHouse:] http-nio-8084-exec-6cid - <==    Updates: 1
